<?xml version="1.0" encoding="UTF-8"?>
<!-- Generated by org.testng.reporters.JUnitReportReporter -->
<testsuite hostname="LAPTOP-3UNVQ4PK" failures="0" tests="1" name="restassured.TestEmployeeImpl" time="0.016" errors="1" timestamp="2025-05-18T18:22:51 WIB" skipped="0">
  <testcase classname="restassured.TestEmployeeImpl" name="testRegistration" time="0.016">
    <error message="Unresolved compilation problems: 
	message cannot be resolved to a variable
	Syntax error on token &quot;:&quot;, invalid AssignmentOperator
" type="java.lang.Error">
      <![CDATA[java.lang.Error: Unresolved compilation problems: 
message cannot be resolved to a variable
Syntax error on token ":", invalid AssignmentOperator

at restassured.TestEmployeeImpl.testRegistration(TestEmployeeImpl.java:35)
at java.base/jdk.internal.reflect.DirectMethodHandleAccessor.invoke(DirectMethodHandleAccessor.java:103)
at java.base/java.lang.reflect.Method.invoke(Method.java:580)
at org.testng.internal.invokers.MethodInvocationHelper.invokeMethod(MethodInvocationHelper.java:141)
at org.testng.internal.invokers.TestInvoker.invokeMethod(TestInvoker.java:687)
at org.testng.internal.invokers.TestInvoker.invokeTestMethod(TestInvoker.java:230)
at org.testng.internal.invokers.MethodRunner.runInSequence(MethodRunner.java:63)
at org.testng.internal.invokers.TestInvoker$MethodInvocationAgent.invoke(TestInvoker.java:995)
at org.testng.internal.invokers.TestInvoker.invokeTestMethods(TestInvoker.java:203)
at org.testng.internal.invokers.TestMethodWorker.invokeTestMethods(TestMethodWorker.java:154)
at org.testng.internal.invokers.TestMethodWorker.run(TestMethodWorker.java:134)
at java.base/java.util.ArrayList.forEach(ArrayList.java:1596)
at org.testng.TestRunner.privateRun(TestRunner.java:741)
at org.testng.TestRunner.run(TestRunner.java:616)
at org.testng.SuiteRunner.runTest(SuiteRunner.java:421)
at org.testng.SuiteRunner.runSequentially(SuiteRunner.java:413)
at org.testng.SuiteRunner.privateRun(SuiteRunner.java:373)
at org.testng.SuiteRunner.run(SuiteRunner.java:312)
at org.testng.SuiteRunnerWorker.runSuite(SuiteRunnerWorker.java:52)
at org.testng.SuiteRunnerWorker.run(SuiteRunnerWorker.java:95)
at org.testng.TestNG.runSuitesSequentially(TestNG.java:1274)
at org.testng.TestNG.runSuitesLocally(TestNG.java:1208)
at org.testng.TestNG.runSuites(TestNG.java:1112)
at org.testng.TestNG.run(TestNG.java:1079)
at org.apache.maven.surefire.testng.TestNGExecutor.run(TestNGExecutor.java:155)
at org.apache.maven.surefire.testng.TestNGDirectoryTestSuite.executeSingleClass(TestNGDirectoryTestSuite.java:102)
at org.apache.maven.surefire.testng.TestNGDirectoryTestSuite.execute(TestNGDirectoryTestSuite.java:91)
at org.apache.maven.surefire.testng.TestNGProvider.invoke(TestNGProvider.java:137)
at java.base/jdk.internal.reflect.DirectMethodHandleAccessor.invoke(DirectMethodHandleAccessor.java:103)
at java.base/java.lang.reflect.Method.invoke(Method.java:580)
at org.apache.maven.surefire.api.util.ReflectionUtils.invokeMethodWithArray2(ReflectionUtils.java:137)
at org.apache.maven.surefire.booter.ProviderFactory$ProviderProxy.invoke(ProviderFactory.java:148)
at org.apache.maven.surefire.booter.ProviderFactory.invokeProvider(ProviderFactory.java:88)
at org.apache.maven.plugin.surefire.InPluginVMSurefireStarter.runSuitesInProcess(InPluginVMSurefireStarter.java:91)
at org.apache.maven.plugin.surefire.AbstractSurefireMojo.executeProvider(AbstractSurefireMojo.java:1308)
at org.apache.maven.plugin.surefire.AbstractSurefireMojo.executeAfterPreconditionsChecked(AbstractSurefireMojo.java:1135)
at org.apache.maven.plugin.surefire.AbstractSurefireMojo.execute(AbstractSurefireMojo.java:969)
at org.apache.maven.plugin.DefaultBuildPluginManager.executeMojo(DefaultBuildPluginManager.java:126)
at org.apache.maven.lifecycle.internal.MojoExecutor.doExecute2(MojoExecutor.java:328)
at org.apache.maven.lifecycle.internal.MojoExecutor.doExecute(MojoExecutor.java:316)
at org.apache.maven.lifecycle.internal.MojoExecutor.execute(MojoExecutor.java:212)
at org.apache.maven.lifecycle.internal.MojoExecutor.execute(MojoExecutor.java:174)
at org.apache.maven.lifecycle.internal.MojoExecutor.access$000(MojoExecutor.java:75)
at org.apache.maven.lifecycle.internal.MojoExecutor$1.run(MojoExecutor.java:162)
at org.apache.maven.plugin.DefaultMojosExecutionStrategy.execute(DefaultMojosExecutionStrategy.java:39)
at org.apache.maven.lifecycle.internal.MojoExecutor.execute(MojoExecutor.java:159)
at org.apache.maven.lifecycle.internal.LifecycleModuleBuilder.buildProject(LifecycleModuleBuilder.java:105)
at org.apache.maven.lifecycle.internal.LifecycleModuleBuilder.buildProject(LifecycleModuleBuilder.java:73)
at org.apache.maven.lifecycle.internal.builder.singlethreaded.SingleThreadedBuilder.build(SingleThreadedBuilder.java:53)
at org.apache.maven.lifecycle.internal.LifecycleStarter.execute(LifecycleStarter.java:118)
at org.apache.maven.DefaultMaven.doExecute(DefaultMaven.java:261)
at org.apache.maven.DefaultMaven.doExecute(DefaultMaven.java:173)
at org.apache.maven.DefaultMaven.execute(DefaultMaven.java:101)
at org.apache.maven.cli.MavenCli.execute(MavenCli.java:906)
at org.apache.maven.cli.MavenCli.doMain(MavenCli.java:283)
at org.apache.maven.cli.MavenCli.main(MavenCli.java:206)
at java.base/jdk.internal.reflect.DirectMethodHandleAccessor.invoke(DirectMethodHandleAccessor.java:103)
at java.base/java.lang.reflect.Method.invoke(Method.java:580)
at org.codehaus.plexus.classworlds.launcher.Launcher.launchEnhanced(Launcher.java:255)
at org.codehaus.plexus.classworlds.launcher.Launcher.launch(Launcher.java:201)
at org.codehaus.plexus.classworlds.launcher.Launcher.mainWithExitCode(Launcher.java:361)
at org.codehaus.plexus.classworlds.launcher.Launcher.main(Launcher.java:314)
]]>
    </error>
  </testcase> <!-- testRegistration -->
</testsuite> <!-- restassured.TestEmployeeImpl -->
